<?xml version="1.0" encoding="UTF-8"?>
<!-- Generated by org.testng.reporters.JUnitReportReporter -->
<testsuite hostname="LAPTOP-T0EVL2I3" failures="0" tests="1" name="com.example.sept27.ScreenShotTest" time="26.075" errors="0" timestamp="2022-09-28T22:18:33 IST" skipped="0">
  <testcase classname="com.example.sept27.ScreenShotTest" name="f" time="26.075"/>
  <system-out/>
</testsuite> <!-- com.example.sept27.ScreenShotTest -->
