<?xml version="1.0" encoding="UTF-8"?>
<!-- Generated by org.testng.reporters.JUnitReportReporter -->
<testsuite hostname="LAPTOP-T0EVL2I3" failures="0" tests="1" name="com.example.sept26.NewTestDemo" time="4.482" errors="0" timestamp="2022-09-28T21:59:12 IST" skipped="0">
  <testcase classname="com.example.sept26.NewTestDemo" name="test" time="4.482"/>
  <system-out/>
</testsuite> <!-- com.example.sept26.NewTestDemo -->
