<?xml version="1.0" encoding="UTF-8"?>
<!-- Generated by org.testng.reporters.JUnitReportReporter -->
<testsuite hostname="LAPTOP-T0EVL2I3" failures="0" tests="1" name="com.example.ScreenShotTest" time="15.889" errors="0" timestamp="2022-09-27T12:33:52 IST" skipped="0">
  <testcase classname="com.example.ScreenShotTest" name="f" time="15.889"/>
  <system-out/>
</testsuite> <!-- com.example.ScreenShotTest -->
