<?xml version="1.0" encoding="UTF-8"?>
<!-- Generated by org.testng.reporters.JUnitReportReporter -->
<testsuite hostname="LAPTOP-T0EVL2I3" failures="0" tests="1" name="com.example.sept26.FirstSeleniumTest" time="29.116" errors="0" timestamp="2022-09-29T09:57:10 IST" skipped="0">
  <testcase classname="com.example.sept26.FirstSeleniumTest" name="f" time="29.116"/>
  <system-out/>
</testsuite> <!-- com.example.sept26.FirstSeleniumTest -->
