<?xml version="1.0" encoding="UTF-8"?>
<!-- Generated by org.testng.reporters.JUnitReportReporter -->
<testsuite hostname="LAPTOP-T0EVL2I3" failures="0" tests="1" name="com.example.sept26.NewTest" time="7.856" errors="0" timestamp="2022-09-28T21:55:21 IST" skipped="0">
  <testcase classname="com.example.sept26.NewTest" name="f" time="7.856"/>
  <system-out/>
</testsuite> <!-- com.example.sept26.NewTest -->
