<?xml version="1.0" encoding="UTF-8"?>
<!-- Generated by org.testng.reporters.JUnitReportReporter -->
<testsuite hostname="LAPTOP-T0EVL2I3" failures="0" tests="1" name="com.example.sept27.XpathExample" time="7.291" errors="0" timestamp="2022-09-28T22:24:16 IST" skipped="0">
  <testcase classname="com.example.sept27.XpathExample" name="f" time="7.291"/>
  <system-out/>
</testsuite> <!-- com.example.sept27.XpathExample -->
