<?xml version="1.0" encoding="UTF-8"?>
<!-- Generated by org.testng.reporters.JUnitReportReporter -->
<testsuite hostname="LAPTOP-T0EVL2I3" failures="0" tests="2" name="com.example.sept28.TestDetails1" time="0.009" errors="0" timestamp="2022-09-28T22:56:37 IST" skipped="0">
  <testcase classname="com.example.sept28.TestDetails1" name="testmethod1" time="0.001"/>
  <system-out/>
  <testcase classname="com.example.sept28.TestDetails1" name="testmethod" time="0.008"/>
  <system-out/>
</testsuite> <!-- com.example.sept28.TestDetails1 -->
