<?xml version="1.0" encoding="UTF-8"?>
<!-- Generated by org.testng.reporters.JUnitReportReporter -->
<testsuite hostname="LAPTOP-T0EVL2I3" failures="0" tests="4" name="com.example.sept28.DataProviderTest" time="0.008" errors="0" timestamp="2022-09-28T23:08:39 IST" skipped="0">
  <testcase classname="com.example.sept28.DataProviderTest" name="testMethodOne" time="0.006"/>
  <system-out/>
  <testcase classname="com.example.sept28.DataProviderTest" name="testMethodOne" time="0.000"/>
  <system-out/>
  <testcase classname="com.example.sept28.DataProviderTest" name="testMethodTwo" time="0.001"/>
  <system-out/>
  <testcase classname="com.example.sept28.DataProviderTest" name="testMethodTwo" time="0.001"/>
  <system-out/>
</testsuite> <!-- com.example.sept28.DataProviderTest -->
