<?xml version="1.0" encoding="UTF-8"?>
<!-- Generated by org.testng.reporters.JUnitReportReporter -->
<testsuite hostname="LAPTOP-T0EVL2I3" failures="0" tests="2" name="com.example.sept28.TestAnnotations" time="0.017" errors="0" timestamp="2022-09-29T10:11:34 IST" skipped="0">
  <testcase classname="com.example.sept28.TestAnnotations" name="Test1" time="0.012"/>
  <system-out/>
  <testcase classname="com.example.sept28.TestAnnotations" name="Test2" time="0.005"/>
  <system-out/>
</testsuite> <!-- com.example.sept28.TestAnnotations -->
